<?xml version="1.0" encoding="UTF-8"?>
<!-- Generated by org.testng.reporters.JUnitReportReporter -->
<testsuite hostname="IN5CG51045GZ" name="metronome.MetronomeURL" tests="5" failures="0" timestamp="17 Nov 2019 08:18:14 GMT" time="140.015" errors="0">
  <testcase name="Metronome_URLlogin" time="85.698" classname="metronome.MetronomeURL"/>
  <testcase name="JavaEmail" time="9.683" classname="metronome.MetronomeURL"/>
  <testcase name="ScreenCap" time="2.197" classname="metronome.MetronomeURL"/>
  <testcase name="FilePath" time="22.432" classname="metronome.MetronomeURL"/>
  <testcase name="FileClose" time="20.005" classname="metronome.MetronomeURL"/>
</testsuite> <!-- metronome.MetronomeURL -->
